<?xml version="1.0" encoding="UTF-8"?>
<!-- Generated by org.testng.reporters.JUnitXMLReporter -->
<testsuite ignored="0" hostname="NGC-4HG1R74" failures="0" tests="3" name="Test" time="59.832" errors="0" timestamp="2025-12-04T10:44:00 PST">
  <testcase classname="testCases.TC01_LoginTest" name="login_process" time="2.417"/>
  <testcase classname="testCases.TC03_InstType" name="InstituteType_process" time="2.187"/>
  <testcase classname="testCases.TC04_EditMember" name="InstituteType_process" time="2.944"/>
</testsuite> <!-- Test -->
