<?xml version="1.0" encoding="UTF-8"?>
<testng-results ignored="0" total="2" passed="2" failed="0" skipped="0">
  <reporter-output>
  </reporter-output>
  <suite started-at="2025-08-08T13:23:32 PDT" name="Master Suite" finished-at="2025-08-08T13:23:49 PDT" duration-ms="17548">
    <groups>
      <group name="Master">
        <method signature="TC01_LoginTest.login_process()[pri:0, instance:testCases.TC01_LoginTest@5082d622]" name="login_process" class="testCases.TC01_LoginTest"/>
        <method signature="TC03_InstType.InstituteType_process()[pri:0, instance:testCases.TC03_InstType@4278284b]" name="InstituteType_process" class="testCases.TC03_InstType"/>
      </group> <!-- Master -->
      <group name="Sanity">
        <method signature="TC01_LoginTest.login_process()[pri:0, instance:testCases.TC01_LoginTest@5082d622]" name="login_process" class="testCases.TC01_LoginTest"/>
      </group> <!-- Sanity -->
      <group name="Regression">
        <method signature="TC03_InstType.InstituteType_process()[pri:0, instance:testCases.TC03_InstType@4278284b]" name="InstituteType_process" class="testCases.TC03_InstType"/>
      </group> <!-- Regression -->
    </groups>
    <test started-at="2025-08-08T13:23:32 PDT" name="Test" finished-at="2025-08-08T13:23:49 PDT" duration-ms="17548">
      <class name="testCases.TC03_InstType">
        <test-method is-config="true" signature="setup(java.lang.String,java.lang.String)[pri:0, instance:testCases.TC03_InstType@4278284b]" started-at="2025-08-08T13:23:41 PDT" name="setup" finished-at="2025-08-08T13:23:47 PDT" duration-ms="5551" status="PASS">
          <params>
            <param index="0">
              <value>
                <![CDATA[Windows]]>
              </value>
            </param>
            <param index="1">
              <value>
                <![CDATA[chrome]]>
              </value>
            </param>
          </params>
          <reporter-output>
          </reporter-output>
        </test-method> <!-- setup -->
        <test-method signature="InstituteType_process()[pri:0, instance:testCases.TC03_InstType@4278284b]" started-at="2025-08-08T13:23:47 PDT" name="InstituteType_process" finished-at="2025-08-08T13:23:49 PDT" duration-ms="2237" status="PASS">
          <reporter-output>
          </reporter-output>
        </test-method> <!-- InstituteType_process -->
        <test-method is-config="true" signature="tearDown()[pri:0, instance:testCases.TC03_InstType@4278284b]" started-at="2025-08-08T13:23:49 PDT" name="tearDown" finished-at="2025-08-08T13:23:49 PDT" duration-ms="418" status="PASS">
          <reporter-output>
          </reporter-output>
        </test-method> <!-- tearDown -->
      </class> <!-- testCases.TC03_InstType -->
      <class name="testCases.TC01_LoginTest">
        <test-method is-config="true" signature="setup(java.lang.String,java.lang.String)[pri:0, instance:testCases.TC01_LoginTest@5082d622]" started-at="2025-08-08T13:23:32 PDT" name="setup" finished-at="2025-08-08T13:23:38 PDT" duration-ms="6524" status="PASS">
          <params>
            <param index="0">
              <value>
                <![CDATA[Windows]]>
              </value>
            </param>
            <param index="1">
              <value>
                <![CDATA[chrome]]>
              </value>
            </param>
          </params>
          <reporter-output>
          </reporter-output>
        </test-method> <!-- setup -->
        <test-method signature="login_process()[pri:0, instance:testCases.TC01_LoginTest@5082d622]" started-at="2025-08-08T13:23:38 PDT" name="login_process" finished-at="2025-08-08T13:23:41 PDT" duration-ms="2187" status="PASS">
          <reporter-output>
          </reporter-output>
        </test-method> <!-- login_process -->
        <test-method is-config="true" signature="tearDown()[pri:0, instance:testCases.TC01_LoginTest@5082d622]" started-at="2025-08-08T13:23:41 PDT" name="tearDown" finished-at="2025-08-08T13:23:41 PDT" duration-ms="424" status="PASS">
          <reporter-output>
          </reporter-output>
        </test-method> <!-- tearDown -->
      </class> <!-- testCases.TC01_LoginTest -->
    </test> <!-- Test -->
  </suite> <!-- Master Suite -->
</testng-results>
