<?xml version="1.0" encoding="UTF-8"?>
<testng-results ignored="0" total="3" passed="3" failed="0" skipped="0">
  <reporter-output>
  </reporter-output>
  <suite started-at="2025-12-04T10:42:59 PST" name="Master Suite" finished-at="2025-12-04T10:43:58 PST" duration-ms="59832">
    <groups>
      <group name="Master">
        <method signature="TC01_LoginTest.login_process()[pri:0, instance:testCases.TC01_LoginTest@458342d3]" name="login_process" class="testCases.TC01_LoginTest"/>
        <method signature="TC03_InstType.InstituteType_process()[pri:0, instance:testCases.TC03_InstType@56f6d40b]" name="InstituteType_process" class="testCases.TC03_InstType"/>
        <method signature="TC04_EditMember.InstituteType_process()[pri:0, instance:testCases.TC04_EditMember@36676c1a]" name="InstituteType_process" class="testCases.TC04_EditMember"/>
      </group> <!-- Master -->
      <group name="Sanity">
        <method signature="TC01_LoginTest.login_process()[pri:0, instance:testCases.TC01_LoginTest@458342d3]" name="login_process" class="testCases.TC01_LoginTest"/>
      </group> <!-- Sanity -->
      <group name="Regression">
        <method signature="TC03_InstType.InstituteType_process()[pri:0, instance:testCases.TC03_InstType@56f6d40b]" name="InstituteType_process" class="testCases.TC03_InstType"/>
        <method signature="TC04_EditMember.InstituteType_process()[pri:0, instance:testCases.TC04_EditMember@36676c1a]" name="InstituteType_process" class="testCases.TC04_EditMember"/>
      </group> <!-- Regression -->
    </groups>
    <test started-at="2025-12-04T10:42:59 PST" name="Test" finished-at="2025-12-04T10:43:58 PST" duration-ms="59832">
      <class name="testCases.TC04_EditMember">
        <test-method is-config="true" signature="setup(java.lang.String,java.lang.String)[pri:0, instance:testCases.TC04_EditMember@36676c1a]" started-at="2025-12-04T10:43:39 PST" name="setup" finished-at="2025-12-04T10:43:44 PST" duration-ms="5398" status="PASS">
          <params>
            <param index="0">
              <value>
                <![CDATA[Windows]]>
              </value>
            </param>
            <param index="1">
              <value>
                <![CDATA[chrome]]>
              </value>
            </param>
          </params>
          <reporter-output>
          </reporter-output>
        </test-method> <!-- setup -->
        <test-method signature="InstituteType_process()[pri:0, instance:testCases.TC04_EditMember@36676c1a]" started-at="2025-12-04T10:43:44 PST" name="InstituteType_process" finished-at="2025-12-04T10:43:47 PST" duration-ms="2944" status="PASS">
          <reporter-output>
          </reporter-output>
        </test-method> <!-- InstituteType_process -->
        <test-method is-config="true" signature="tearDown()[pri:0, instance:testCases.TC04_EditMember@36676c1a]" started-at="2025-12-04T10:43:47 PST" name="tearDown" finished-at="2025-12-04T10:43:58 PST" duration-ms="11140" status="PASS">
          <reporter-output>
          </reporter-output>
        </test-method> <!-- tearDown -->
      </class> <!-- testCases.TC04_EditMember -->
      <class name="testCases.TC03_InstType">
        <test-method is-config="true" signature="setup(java.lang.String,java.lang.String)[pri:0, instance:testCases.TC03_InstType@56f6d40b]" started-at="2025-12-04T10:43:19 PST" name="setup" finished-at="2025-12-04T10:43:25 PST" duration-ms="6002" status="PASS">
          <params>
            <param index="0">
              <value>
                <![CDATA[Windows]]>
              </value>
            </param>
            <param index="1">
              <value>
                <![CDATA[chrome]]>
              </value>
            </param>
          </params>
          <reporter-output>
          </reporter-output>
        </test-method> <!-- setup -->
        <test-method signature="InstituteType_process()[pri:0, instance:testCases.TC03_InstType@56f6d40b]" started-at="2025-12-04T10:43:25 PST" name="InstituteType_process" finished-at="2025-12-04T10:43:27 PST" duration-ms="2187" status="PASS">
          <reporter-output>
          </reporter-output>
        </test-method> <!-- InstituteType_process -->
        <test-method is-config="true" signature="tearDown()[pri:0, instance:testCases.TC03_InstType@56f6d40b]" started-at="2025-12-04T10:43:27 PST" name="tearDown" finished-at="2025-12-04T10:43:39 PST" duration-ms="11764" status="PASS">
          <reporter-output>
          </reporter-output>
        </test-method> <!-- tearDown -->
      </class> <!-- testCases.TC03_InstType -->
      <class name="testCases.TC01_LoginTest">
        <test-method is-config="true" signature="setup(java.lang.String,java.lang.String)[pri:0, instance:testCases.TC01_LoginTest@458342d3]" started-at="2025-12-04T10:42:59 PST" name="setup" finished-at="2025-12-04T10:43:05 PST" duration-ms="6294" status="PASS">
          <params>
            <param index="0">
              <value>
                <![CDATA[Windows]]>
              </value>
            </param>
            <param index="1">
              <value>
                <![CDATA[chrome]]>
              </value>
            </param>
          </params>
          <reporter-output>
          </reporter-output>
        </test-method> <!-- setup -->
        <test-method signature="login_process()[pri:0, instance:testCases.TC01_LoginTest@458342d3]" started-at="2025-12-04T10:43:05 PST" name="login_process" finished-at="2025-12-04T10:43:08 PST" duration-ms="2417" status="PASS">
          <reporter-output>
          </reporter-output>
        </test-method> <!-- login_process -->
        <test-method is-config="true" signature="tearDown()[pri:0, instance:testCases.TC01_LoginTest@458342d3]" started-at="2025-12-04T10:43:08 PST" name="tearDown" finished-at="2025-12-04T10:43:19 PST" duration-ms="11218" status="PASS">
          <reporter-output>
          </reporter-output>
        </test-method> <!-- tearDown -->
      </class> <!-- testCases.TC01_LoginTest -->
    </test> <!-- Test -->
  </suite> <!-- Master Suite -->
</testng-results>
